<?xml version="1.0" encoding="UTF-8"?>
<testng-results skipped="0" failed="0" ignored="0" total="1" passed="1">
  <reporter-output>
  </reporter-output>
  <suite name="Default suite" duration-ms="148467" started-at="2018-06-18T14:37:00Z" finished-at="2018-06-18T14:39:28Z">
    <groups>
    </groups>
    <test name="Default test" duration-ms="148467" started-at="2018-06-18T14:37:00Z" finished-at="2018-06-18T14:39:28Z">
      <class name="Music.SignIn">
        <test-method status="PASS" signature="Excel()[pri:0, instance:Music.SignIn@6e1567f1]" name="Excel" duration-ms="148311" started-at="2018-06-18T14:37:00Z" finished-at="2018-06-18T14:39:28Z">
          <reporter-output>
          </reporter-output>
        </test-method> <!-- Excel -->
      </class> <!-- Music.SignIn -->
    </test> <!-- Default test -->
  </suite> <!-- Default suite -->
</testng-results>
